<?xml version="1.0" encoding="UTF-8"?>
<!-- Generated by org.testng.reporters.JUnitXMLReporter -->
<testsuite hostname="DESKTOP-UI79ED7" ignored="0" name="Surefire test" tests="4" failures="0" timestamp="2020-04-28T14:40:38 EDT" time="0.062" errors="0">
  <testcase name="browser" time="0.0" classname="com.company.project.MobileTest"/>
  <testcase name="login" time="0.0" classname="com.company.project.MobileTest"/>
  <testcase name="browser" time="0.0" classname="com.company.project.WebTest"/>
  <testcase name="login" time="0.0" classname="com.company.project.WebTest"/>
</testsuite> <!-- Surefire test -->
