<?xml version="1.0" encoding="UTF-8"?>
<testng-results skipped="0" failed="0" ignored="0" total="2" passed="2">
  <reporter-output>
  </reporter-output>
  <suite name="Suite" duration-ms="62" started-at="2020-05-11T17:08:04 EDT" finished-at="2020-05-11T17:08:04 EDT">
    <groups>
    </groups>
    <test name="Test" duration-ms="62" started-at="2020-05-11T17:08:04 EDT" finished-at="2020-05-11T17:08:04 EDT">
      <class name="com.company.project.WebTest">
        <test-method status="PASS" signature="browser()[pri:0, instance:com.company.project.WebTest@e81285]" name="browser" duration-ms="0" started-at="2020-05-11T17:08:04 EDT" finished-at="2020-05-11T17:08:04 EDT">
          <reporter-output>
          </reporter-output>
        </test-method> <!-- browser -->
        <test-method status="PASS" signature="login()[pri:0, instance:com.company.project.WebTest@e81285]" name="login" duration-ms="0" started-at="2020-05-11T17:08:04 EDT" finished-at="2020-05-11T17:08:04 EDT">
          <reporter-output>
          </reporter-output>
        </test-method> <!-- login -->
      </class> <!-- com.company.project.WebTest -->
    </test> <!-- Test -->
  </suite> <!-- Suite -->
</testng-results>
