<?xml version="1.0" encoding="UTF-8"?>
<testng-results skipped="0" failed="0" ignored="0" total="2" passed="2">
  <reporter-output>
  </reporter-output>
  <suite name="Suite" duration-ms="158" started-at="2020-04-28T20:29:35Z" finished-at="2020-04-28T20:29:36Z">
    <groups>
    </groups>
    <test name="Test" duration-ms="158" started-at="2020-04-28T20:29:35Z" finished-at="2020-04-28T20:29:36Z">
      <class name="com.company.project.WebTest">
        <test-method status="PASS" signature="browser()[pri:0, instance:com.company.project.WebTest@1fa3a9d]" name="browser" duration-ms="15" started-at="2020-04-28T20:29:36Z" finished-at="2020-04-28T20:29:36Z">
          <reporter-output>
          </reporter-output>
        </test-method> <!-- browser -->
        <test-method status="PASS" signature="login()[pri:0, instance:com.company.project.WebTest@1fa3a9d]" name="login" duration-ms="0" started-at="2020-04-28T20:29:36Z" finished-at="2020-04-28T20:29:36Z">
          <reporter-output>
          </reporter-output>
        </test-method> <!-- login -->
      </class> <!-- com.company.project.WebTest -->
    </test> <!-- Test -->
  </suite> <!-- Suite -->
</testng-results>
